17050.1.0 (December 19, 2013)

Initial version for MD 17.0.5 Release.

17050.1.1 (December 26, 2013)

https://jira1.jpl.nasa.gov:8443/browse/SSCAES-862
https://support.nomagic.com/browse/MDUMLCS-11835

- Added an SECAE Log window to be used as a fast, no-overhead replacement of the MD GUI Console window 

https://jira1.jpl.nasa.gov:8443/browse/SSCAES-860

- The PUIC graph shows additional details available in the MD17.0.5 API about MD project vertices.

17050.1.2 (December 28, 2013)

https://jira1.jpl.nasa.gov:8443/browse/SSCAES-872

- On opening a local project, the PUIC teamwork/all button update should not cause exceptiosn like this:

	java.lang.Exception: Warning!!! Swing components are accessed not from Event Dispatcher Thread (EDT). This is a potential deadlock case.

17050.1.3 (December 28, 2013)

https://jira1.jpl.nasa.gov:8443/browse/SSCAES-860

- Show the information about detected proxies and about conflicts related to packages / profile URIs and names.

17050.1.4 (January 27, 2014)

SSCAES-889: Fix broken resource descriptors that prevent MD from installing JPL-developed resources 
https://jira1.jpl.nasa.gov:8443/browse/SSCAES-889

17050.1.5 (February 7, 2014)

SSCAES-872: PUIC: java.lang.Exception: Warning!!! Swing components are accessed not from Event Dispatcher Thread (EDT).
https://jira1.jpl.nasa.gov:8443/browse/SSCAES-872

17050.1.6 (February 19, 2014)

SSCAES-903: Update to MD17.0.5 SP1 for MD and SysML
https://jira1.jpl.nasa.gov:8443/browse/SSCAES-903

17050.1.7 (February 26, 2014)

SSCAES-909: If there is a configuration problem, the PUIC may try to dump the graph to the MD notification window; thereby exacerbating performance problems with that window
https://jira1.jpl.nasa.gov:8443/browse/SSCAES-909

17050.1.8 (March 12, 2014)

SSCAES-924: Provide support for classifying MD modules and specifying policies about using classified MD modules
https://jira1.jpl.nasa.gov:8443/browse/SSCAES-924